
      errorTime:       Wed Dec 29 2021 00:00:59 GMT+0300 (Москва, стандартное время)
      status code:     500
      errorName:       SyntaxError
      errorMessage:    Unexpected token e in JSON at position 161
      errorStack:      SyntaxError: Unexpected token e in JSON at position 161
    at JSON.parse (<anonymous>)
    at parse (C:\Users\varik\OneDrive\Рабочий стол\Express-REST-service\node_modules\body-parser\lib\types\json.js:89:19)
    at C:\Users\varik\OneDrive\Рабочий стол\Express-REST-service\node_modules\body-parser\lib\read.js:121:18
    at invokeCallback (C:\Users\varik\OneDrive\Рабочий стол\Express-REST-service\node_modules\raw-body\index.js:224:16)
    at done (C:\Users\varik\OneDrive\Рабочий стол\Express-REST-service\node_modules\raw-body\index.js:213:7)
    at IncomingMessage.onEnd (C:\Users\varik\OneDrive\Рабочий стол\Express-REST-service\node_modules\raw-body\index.js:273:7)
    at IncomingMessage.emit (node:events:402:35)
    at IncomingMessage.emit (node:domain:475:12)
    at endReadableNT (node:internal/streams/readable:1343:12)
    at processTicksAndRejections (node:internal/process/task_queues:83:21)

      
      errorTime:       Wed Dec 29 2021 00:40:31 GMT+0300 (Москва, стандартное время)
      status code:     404
      errorName:       Error
      errorMessage:    error
      errorStack:      Error: error
    at C:\Users\varik\OneDrive\Рабочий стол\Express-REST-service\src\resources\tour\tour.router.ts:39:11
    at processTicksAndRejections (node:internal/process/task_queues:96:5)

      
      errorTime:       Wed Dec 29 2021 00:49:00 GMT+0300 (Москва, стандартное время)
      status code:     404
      errorName:       Error
      errorMessage:    error
      errorStack:      Error: error
    at C:\Users\varik\OneDrive\Рабочий стол\Express-REST-service\src\resources\tour\tour.router.ts:39:11
    at processTicksAndRejections (node:internal/process/task_queues:96:5)

      